here() starts at /home/pascheo/EQRNN
[1] FALSE FALSE
── Attaching packages ─────────────────────────────────────── tidyverse 1.3.1 ──
✔ ggplot2 3.3.5     ✔ purrr   0.3.4
✔ tibble  3.1.2     ✔ dplyr   1.0.7
✔ tidyr   1.1.3     ✔ stringr 1.4.0
✔ readr   1.4.0     ✔ forcats 0.5.1
── Conflicts ────────────────────────────────────────── tidyverse_conflicts() ──
✖ dplyr::filter() masks stats::filter()
✖ dplyr::lag()    masks stats::lag()
Loading required package: mgcv
Loading required package: nlme

Attaching package: ‘nlme’

The following object is masked from ‘package:dplyr’:

    collapse

This is mgcv 1.8-36. For overview type 'help("mgcv-package")'.
Loading required package: foreach

Attaching package: ‘foreach’

The following objects are masked from ‘package:purrr’:

    accumulate, when


Attaching package: ‘sfsmisc’

The following object is masked from ‘package:dplyr’:

    last


Attaching package: ‘gbex’

The following object is masked from ‘package:grf’:

    variable_importance

Loading required package: mgcv
Loading required package: nlme
This is mgcv 1.8-36. For overview type 'help("mgcv-package")'.
Loading required package: mgcv
Loading required package: nlme
This is mgcv 1.8-36. For overview type 'help("mgcv-package")'.
Loading required package: mgcv
Loading required package: nlme
This is mgcv 1.8-36. For overview type 'help("mgcv-package")'.
Loading required package: mgcv
Loading required package: nlme
This is mgcv 1.8-36. For overview type 'help("mgcv-package")'.
Loading required package: mgcv
Loading required package: nlme
This is mgcv 1.8-36. For overview type 'help("mgcv-package")'.
Loading required package: mgcv
Loading required package: nlme
This is mgcv 1.8-36. For overview type 'help("mgcv-package")'.
Loading required package: mgcv
Loading required package: nlme
This is mgcv 1.8-36. For overview type 'help("mgcv-package")'.
Loading required package: mgcv
Loading required package: nlme
This is mgcv 1.8-36. For overview type 'help("mgcv-package")'.
Loading required package: mgcv
Loading required package: nlme
This is mgcv 1.8-36. For overview type 'help("mgcv-package")'.
Loading required package: mgcv
Loading required package: nlme
This is mgcv 1.8-36. For overview type 'help("mgcv-package")'.
Loading required package: mgcv
Loading required package: nlme
This is mgcv 1.8-36. For overview type 'help("mgcv-package")'.
Loading required package: mgcv
Loading required package: nlme
This is mgcv 1.8-36. For overview type 'help("mgcv-package")'.
Loading required package: mgcv
Loading required package: nlme
This is mgcv 1.8-36. For overview type 'help("mgcv-package")'.
Loading required package: mgcv
Loading required package: nlme
This is mgcv 1.8-36. For overview type 'help("mgcv-package")'.
Loading required package: mgcv
Loading required package: nlme
This is mgcv 1.8-36. For overview type 'help("mgcv-package")'.
Loading required package: mgcv
Loading required package: nlme
This is mgcv 1.8-36. For overview type 'help("mgcv-package")'.
Loading required package: mgcv
Loading required package: nlme
This is mgcv 1.8-36. For overview type 'help("mgcv-package")'.
Loading required package: mgcv
Loading required package: nlme
This is mgcv 1.8-36. For overview type 'help("mgcv-package")'.
Loading required package: mgcv
Loading required package: nlme
This is mgcv 1.8-36. For overview type 'help("mgcv-package")'.
Loading required package: mgcv
Loading required package: nlme
This is mgcv 1.8-36. For overview type 'help("mgcv-package")'.
Loading required package: mgcv
Loading required package: nlme
This is mgcv 1.8-36. For overview type 'help("mgcv-package")'.
Loading required package: mgcv
Loading required package: nlme
This is mgcv 1.8-36. For overview type 'help("mgcv-package")'.
Loading required package: mgcv
Loading required package: nlme
This is mgcv 1.8-36. For overview type 'help("mgcv-package")'.
Loading required package: mgcv
Loading required package: nlme
This is mgcv 1.8-36. For overview type 'help("mgcv-package")'.
Loading required package: mgcv
Loading required package: nlme
This is mgcv 1.8-36. For overview type 'help("mgcv-package")'.
Loading required package: mgcv
Loading required package: nlme
This is mgcv 1.8-36. For overview type 'help("mgcv-package")'.
Loading required package: mgcv
Loading required package: nlme
This is mgcv 1.8-36. For overview type 'help("mgcv-package")'.
Loading required package: mgcv
Loading required package: nlme
This is mgcv 1.8-36. For overview type 'help("mgcv-package")'.
Loading required package: mgcv
Loading required package: nlme
This is mgcv 1.8-36. For overview type 'help("mgcv-package")'.
Loading required package: mgcv
Loading required package: nlme
This is mgcv 1.8-36. For overview type 'help("mgcv-package")'.
Loading required package: mgcv
Loading required package: nlme
This is mgcv 1.8-36. For overview type 'help("mgcv-package")'.
Loading required package: mgcv
Loading required package: nlme
This is mgcv 1.8-36. For overview type 'help("mgcv-package")'.
Loading required package: mgcv
Loading required package: nlme
This is mgcv 1.8-36. For overview type 'help("mgcv-package")'.
Loading required package: mgcv
Loading required package: nlme
This is mgcv 1.8-36. For overview type 'help("mgcv-package")'.
Loading required package: mgcv
Loading required package: nlme
This is mgcv 1.8-36. For overview type 'help("mgcv-package")'.
Loading required package: mgcv
Loading required package: nlme
This is mgcv 1.8-36. For overview type 'help("mgcv-package")'.
Loading required package: mgcv
Loading required package: nlme
This is mgcv 1.8-36. For overview type 'help("mgcv-package")'.
Loading required package: mgcv
Loading required package: nlme
This is mgcv 1.8-36. For overview type 'help("mgcv-package")'.
Loading required package: mgcv
Loading required package: nlme
This is mgcv 1.8-36. For overview type 'help("mgcv-package")'.
Loading required package: mgcv
Loading required package: nlme
This is mgcv 1.8-36. For overview type 'help("mgcv-package")'.
Loading required package: mgcv
Loading required package: nlme
This is mgcv 1.8-36. For overview type 'help("mgcv-package")'.
Loading required package: mgcv
Loading required package: nlme
This is mgcv 1.8-36. For overview type 'help("mgcv-package")'.
Loading required package: mgcv
Loading required package: nlme
This is mgcv 1.8-36. For overview type 'help("mgcv-package")'.
Loading required package: mgcv
Loading required package: nlme
This is mgcv 1.8-36. For overview type 'help("mgcv-package")'.
Loading required package: mgcv
Loading required package: nlme
This is mgcv 1.8-36. For overview type 'help("mgcv-package")'.
Loading required package: mgcv
Loading required package: nlme
This is mgcv 1.8-36. For overview type 'help("mgcv-package")'.
Loading required package: mgcv
Loading required package: nlme
This is mgcv 1.8-36. For overview type 'help("mgcv-package")'.
Loading required package: mgcv
Loading required package: nlme
This is mgcv 1.8-36. For overview type 'help("mgcv-package")'.
Loading required package: mgcv
Loading required package: nlme
This is mgcv 1.8-36. For overview type 'help("mgcv-package")'.
geom_path: Each group consists of only one observation. Do you need to adjust
the group aesthetic?
geom_path: Each group consists of only one observation. Do you need to adjust
the group aesthetic?
geom_path: Each group consists of only one observation. Do you need to adjust
the group aesthetic?
geom_path: Each group consists of only one observation. Do you need to adjust
the group aesthetic?
geom_path: Each group consists of only one observation. Do you need to adjust
the group aesthetic?
geom_path: Each group consists of only one observation. Do you need to adjust
the group aesthetic?
Loading required package: mgcv
Loading required package: nlme
This is mgcv 1.8-36. For overview type 'help("mgcv-package")'.
geom_path: Each group consists of only one observation. Do you need to adjust
the group aesthetic?
geom_path: Each group consists of only one observation. Do you need to adjust
the group aesthetic?
geom_path: Each group consists of only one observation. Do you need to adjust
the group aesthetic?
geom_path: Each group consists of only one observation. Do you need to adjust
the group aesthetic?
geom_path: Each group consists of only one observation. Do you need to adjust
the group aesthetic?
geom_path: Each group consists of only one observation. Do you need to adjust
the group aesthetic?
Loading required package: mgcv
Loading required package: nlme
This is mgcv 1.8-36. For overview type 'help("mgcv-package")'.
geom_path: Each group consists of only one observation. Do you need to adjust
the group aesthetic?
geom_path: Each group consists of only one observation. Do you need to adjust
the group aesthetic?
geom_path: Each group consists of only one observation. Do you need to adjust
the group aesthetic?
geom_path: Each group consists of only one observation. Do you need to adjust
the group aesthetic?
geom_path: Each group consists of only one observation. Do you need to adjust
the group aesthetic?
geom_path: Each group consists of only one observation. Do you need to adjust
the group aesthetic?
Loading required package: mgcv
Loading required package: nlme
This is mgcv 1.8-36. For overview type 'help("mgcv-package")'.
geom_path: Each group consists of only one observation. Do you need to adjust
the group aesthetic?
geom_path: Each group consists of only one observation. Do you need to adjust
the group aesthetic?
geom_path: Each group consists of only one observation. Do you need to adjust
the group aesthetic?
geom_path: Each group consists of only one observation. Do you need to adjust
the group aesthetic?
geom_path: Each group consists of only one observation. Do you need to adjust
the group aesthetic?
geom_path: Each group consists of only one observation. Do you need to adjust
the group aesthetic?
Loading required package: mgcv
Loading required package: nlme
This is mgcv 1.8-36. For overview type 'help("mgcv-package")'.
geom_path: Each group consists of only one observation. Do you need to adjust
the group aesthetic?
geom_path: Each group consists of only one observation. Do you need to adjust
the group aesthetic?
geom_path: Each group consists of only one observation. Do you need to adjust
the group aesthetic?
geom_path: Each group consists of only one observation. Do you need to adjust
the group aesthetic?
geom_path: Each group consists of only one observation. Do you need to adjust
the group aesthetic?
geom_path: Each group consists of only one observation. Do you need to adjust
the group aesthetic?
