here() starts at /home/pascheo/EQRNN
[1] FALSE FALSE
── Attaching packages ─────────────────────────────────────── tidyverse 1.3.1 ──
✔ ggplot2 3.3.5     ✔ purrr   0.3.4
✔ tibble  3.1.6     ✔ dplyr   1.0.7
✔ tidyr   1.1.4     ✔ stringr 1.4.0
✔ readr   2.1.0     ✔ forcats 0.5.1
── Conflicts ────────────────────────────────────────── tidyverse_conflicts() ──
✖ dplyr::filter() masks stats::filter()
✖ dplyr::lag()    masks stats::lag()
Loading required package: mgcv
Loading required package: nlme

Attaching package: ‘nlme’

The following object is masked from ‘package:dplyr’:

    collapse

This is mgcv 1.8-38. For overview type 'help("mgcv-package")'.
Loading required package: foreach

Attaching package: ‘foreach’

The following objects are masked from ‘package:purrr’:

    accumulate, when


Attaching package: ‘lubridate’

The following objects are masked from ‘package:base’:

    date, intersect, setdiff, union


Attaching package: ‘tsibble’

The following object is masked from ‘package:lubridate’:

    interval

The following objects are masked from ‘package:base’:

    intersect, setdiff, union

Loading required package: fabletools

Attaching package: ‘feasts’

The following object is masked from ‘package:nlme’:

    ACF


Attaching package: ‘EnvStats’

The following objects are masked from ‘package:stats’:

    predict, predict.lm

The following object is masked from ‘package:base’:

    print.default

Loading required package: stats4
Loading required package: splines

Attaching package: ‘VGAM’

The following objects are masked from ‘package:EnvStats’:

    calibrate, dpareto, ppareto, qpareto, rpareto

The following object is masked from ‘package:mgcv’:

    s

The following objects are masked from ‘package:evd’:

    dfrechet, dgev, dgpd, dgumbel, pfrechet, pgev, pgpd, pgumbel,
    qfrechet, qgev, qgpd, qgumbel, rfrechet, rgev, rgpd, rgumbel,
    venice

The following object is masked from ‘package:tidyr’:

    fill


Attaching package: ‘sfsmisc’

The following object is masked from ‘package:dplyr’:

    last


Attaching package: ‘gbex’

The following object is masked from ‘package:grf’:

    variable_importance

There were 50 or more warnings (use warnings() to see the first 50)
